<?xml version="1.0" encoding="UTF-8"?>
<testsuite name="com.paxier.moviesreviewservice.router.ReviewIntegrationSpec" tests="1" skipped="0" failures="0" errors="0" timestamp="2022-12-07T21:48:54" hostname="F2DY49W6PW.local" time="0.918">
  <properties/>
  <testcase name="Add movie review" classname="com.paxier.moviesreviewservice.router.ReviewIntegrationSpec" time="0.918"/>
  <system-out><![CDATA[22:48:50.194 [Test worker] DEBUG org.springframework.test.context.support.AbstractDirtiesContextTestExecutionListener - Before test class: context [DefaultTestContext@54acff7d testClass = ReviewIntegrationSpec, testInstance = [null], testMethod = [null], testException = [null], mergedContextConfiguration = [ReactiveWebMergedContextConfiguration@7bc9e6ab testClass = ReviewIntegrationSpec, locations = '{}', classes = '{class com.paxier.moviesreviewservice.MoviesReviewServiceApplication}', contextInitializerClasses = '[]', activeProfiles = '{test}', propertySourceLocations = '{}', propertySourceProperties = '{org.springframework.boot.test.context.SpringBootTestContextBootstrapper=true, server.port=0}', contextCustomizers = set[org.spockframework.spring.mock.SpockContextCustomizer@0, org.springframework.boot.test.autoconfigure.actuate.metrics.MetricsExportContextCustomizerFactory$DisableMetricExportContextCustomizer@39ac0c0a, org.springframework.boot.test.autoconfigure.properties.PropertyMappingContextCustomizer@b6420d2a, org.springframework.boot.test.autoconfigure.web.servlet.WebDriverContextCustomizerFactory$Customizer@338c99c8, [ImportsContextCustomizer@5488b5c5 key = [org.springframework.boot.autoconfigure.security.oauth2.client.reactive.ReactiveOAuth2ClientAutoConfiguration, org.springframework.boot.autoconfigure.security.oauth2.resource.reactive.ReactiveOAuth2ResourceServerAutoConfiguration, org.springframework.boot.autoconfigure.security.reactive.ReactiveSecurityAutoConfiguration, org.springframework.boot.autoconfigure.security.reactive.ReactiveUserDetailsServiceAutoConfiguration, org.springframework.boot.test.autoconfigure.web.reactive.WebTestClientAutoConfiguration]], org.springframework.boot.test.context.filter.ExcludeFilterContextCustomizer@3b96c42e, org.springframework.boot.test.json.DuplicateJsonObjectContextCustomizerFactory$DuplicateJsonObjectContextCustomizer@5ba88be8, org.springframework.boot.test.mock.mockito.MockitoContextCustomizer@0, org.springframework.boot.test.web.client.TestRestTemplateContextCustomizer@602e0143, org.springframework.boot.test.web.reactive.server.WebTestClientContextCustomizer@c94fd30, org.springframework.boot.test.context.SpringBootTestArgs@1, org.springframework.boot.test.context.SpringBootTestWebEnvironment@359df09a], contextLoader = 'org.springframework.boot.test.context.SpringBootContextLoader', parent = [null]], attributes = map['org.springframework.test.context.web.ServletTestExecutionListener.activateListener' -> false]], class annotated with @DirtiesContext [false] with mode [null].
22:48:50.197 [Test worker] DEBUG org.springframework.test.context.support.DependencyInjectionTestExecutionListener - Performing dependency injection for test context [[DefaultTestContext@54acff7d testClass = ReviewIntegrationSpec, testInstance = com.paxier.moviesreviewservice.router.ReviewIntegrationSpec@7180e701, testMethod = [null], testException = [null], mergedContextConfiguration = [ReactiveWebMergedContextConfiguration@7bc9e6ab testClass = ReviewIntegrationSpec, locations = '{}', classes = '{class com.paxier.moviesreviewservice.MoviesReviewServiceApplication}', contextInitializerClasses = '[]', activeProfiles = '{test}', propertySourceLocations = '{}', propertySourceProperties = '{org.springframework.boot.test.context.SpringBootTestContextBootstrapper=true, server.port=0}', contextCustomizers = set[org.spockframework.spring.mock.SpockContextCustomizer@0, org.springframework.boot.test.autoconfigure.actuate.metrics.MetricsExportContextCustomizerFactory$DisableMetricExportContextCustomizer@39ac0c0a, org.springframework.boot.test.autoconfigure.properties.PropertyMappingContextCustomizer@b6420d2a, org.springframework.boot.test.autoconfigure.web.servlet.WebDriverContextCustomizerFactory$Customizer@338c99c8, [ImportsContextCustomizer@5488b5c5 key = [org.springframework.boot.autoconfigure.security.oauth2.client.reactive.ReactiveOAuth2ClientAutoConfiguration, org.springframework.boot.autoconfigure.security.oauth2.resource.reactive.ReactiveOAuth2ResourceServerAutoConfiguration, org.springframework.boot.autoconfigure.security.reactive.ReactiveSecurityAutoConfiguration, org.springframework.boot.autoconfigure.security.reactive.ReactiveUserDetailsServiceAutoConfiguration, org.springframework.boot.test.autoconfigure.web.reactive.WebTestClientAutoConfiguration]], org.springframework.boot.test.context.filter.ExcludeFilterContextCustomizer@3b96c42e, org.springframework.boot.test.json.DuplicateJsonObjectContextCustomizerFactory$DuplicateJsonObjectContextCustomizer@5ba88be8, org.springframework.boot.test.mock.mockito.MockitoContextCustomizer@0, org.springframework.boot.test.web.client.TestRestTemplateContextCustomizer@602e0143, org.springframework.boot.test.web.reactive.server.WebTestClientContextCustomizer@c94fd30, org.springframework.boot.test.context.SpringBootTestArgs@1, org.springframework.boot.test.context.SpringBootTestWebEnvironment@359df09a], contextLoader = 'org.springframework.boot.test.context.SpringBootContextLoader', parent = [null]], attributes = map['org.springframework.test.context.web.ServletTestExecutionListener.activateListener' -> false, 'org.springframework.test.context.event.ApplicationEventsTestExecutionListener.recordApplicationEvents' -> false]]].

  .   ____          _            __ _ _
 /\\ / ___'_ __ _ _(_)_ __  __ _ \ \ \ \
( ( )\___ | '_ | '_| | '_ \/ _` | \ \ \ \
 \\/  ___)| |_)| | | | | || (_| |  ) ) ) )
  '  |____| .__|_| |_|_| |_\__, | / / / /
 =========|_|==============|___/=/_/_/_/
 :: Spring Boot ::                (v2.7.5)

2022-12-07 22:48:50.346  INFO 17611 --- [    Test worker] c.p.m.router.ReviewIntegrationSpec       : Starting ReviewIntegrationSpec using Java 17.0.3 on F2DY49W6PW.fritz.box with PID 17611 (started by Mohammed.Wasimuddin in /Users/Mohammed.Wasimuddin/Documents/Rewe_Technical1/Learning/Udemy/Reactive-spring-webflux-Project/movies-review-service)
2022-12-07 22:48:50.346  INFO 17611 --- [    Test worker] c.p.m.router.ReviewIntegrationSpec       : The following 1 profile is active: "test"
2022-12-07 22:48:50.718  INFO 17611 --- [    Test worker] .s.d.r.c.RepositoryConfigurationDelegate : Bootstrapping Spring Data Reactive MongoDB repositories in DEFAULT mode.
2022-12-07 22:48:50.787  INFO 17611 --- [    Test worker] .s.d.r.c.RepositoryConfigurationDelegate : Finished Spring Data repository scanning in 65 ms. Found 1 Reactive MongoDB repository interfaces.
2022-12-07 22:48:50.895  INFO 17611 --- [    Test worker] org.eclipse.jetty.util.log               : Logging initialized @1215ms to org.eclipse.jetty.util.log.Slf4jLog
2022-12-07 22:48:50.950  INFO 17611 --- [    Test worker] .s.b.w.e.j.JettyReactiveWebServerFactory : Server initialized with port: 0
2022-12-07 22:48:50.952  INFO 17611 --- [    Test worker] org.eclipse.jetty.server.Server          : jetty-9.4.49.v20220914; built: 2022-09-14T01:07:36.601Z; git: 4231a3b2e4cb8548a412a789936d640a97b1aa0a; jvm 17.0.3+8-LTS-111
2022-12-07 22:48:50.966  INFO 17611 --- [    Test worker] o.e.jetty.server.handler.ContextHandler  : Started o.e.j.s.ServletContextHandler@3cc3f13e{/,null,AVAILABLE}
2022-12-07 22:48:50.966  INFO 17611 --- [    Test worker] org.eclipse.jetty.server.Server          : Started @1286ms
2022-12-07 22:48:53.255  INFO 17611 --- [      Thread-21] o.s.b.a.mongo.embedded.EmbeddedMongo     : 2022-12-07T22:48:53.254+0100 I CONTROL  [main] Automatically disabling TLS 1.0, to force-enable TLS 1.0 specify --sslDisabledProtocols 'none'
2022-12-07 22:48:53.255  INFO 17611 --- [      Thread-21] o.s.b.a.mongo.embedded.EmbeddedMongo     : 2022-12-07T22:48:53.255+0100 I CONTROL  [main] note: noprealloc may hurt performance in many applications
2022-12-07 22:48:53.262  INFO 17611 --- [      Thread-21] o.s.b.a.mongo.embedded.EmbeddedMongo     : 2022-12-07T22:48:53.262+0100 I CONTROL  [initandlisten] MongoDB starting : pid=17617 port=27017 dbpath=/var/folders/rg/110hwcss1b352gq45sx1yj9m0000gr/T/embedmongo-db-37ecbd63-331e-492c-abad-6bbe3b1853b7 64-bit host=F2DY49W6PW.fritz.box
2022-12-07 22:48:53.262  INFO 17611 --- [      Thread-21] o.s.b.a.mongo.embedded.EmbeddedMongo     : 2022-12-07T22:48:53.262+0100 I CONTROL  [initandlisten] db version v4.0.2
2022-12-07 22:48:53.262  INFO 17611 --- [      Thread-21] o.s.b.a.mongo.embedded.EmbeddedMongo     : 2022-12-07T22:48:53.262+0100 I CONTROL  [initandlisten] git version: fc1573ba18aee42f97a3bb13b67af7d837826b47
2022-12-07 22:48:53.262  INFO 17611 --- [      Thread-21] o.s.b.a.mongo.embedded.EmbeddedMongo     : 2022-12-07T22:48:53.262+0100 I CONTROL  [initandlisten] allocator: system
2022-12-07 22:48:53.262  INFO 17611 --- [      Thread-21] o.s.b.a.mongo.embedded.EmbeddedMongo     : 2022-12-07T22:48:53.262+0100 I CONTROL  [initandlisten] modules: none
2022-12-07 22:48:53.262  INFO 17611 --- [      Thread-21] o.s.b.a.mongo.embedded.EmbeddedMongo     : 2022-12-07T22:48:53.262+0100 I CONTROL  [initandlisten] build environment:
2022-12-07 22:48:53.262  INFO 17611 --- [      Thread-21] o.s.b.a.mongo.embedded.EmbeddedMongo     : 2022-12-07T22:48:53.262+0100 I CONTROL  [initandlisten]     distarch: x86_64
2022-12-07 22:48:53.262  INFO 17611 --- [      Thread-21] o.s.b.a.mongo.embedded.EmbeddedMongo     : 2022-12-07T22:48:53.262+0100 I CONTROL  [initandlisten]     target_arch: x86_64
2022-12-07 22:48:53.262  INFO 17611 --- [      Thread-21] o.s.b.a.mongo.embedded.EmbeddedMongo     : 2022-12-07T22:48:53.262+0100 I CONTROL  [initandlisten] options: { net: { bindIp: "127.0.0.1", port: 27017 }, security: { authorization: "disabled" }, storage: { dbPath: "/var/folders/rg/110hwcss1b352gq45sx1yj9m0000gr/T/embedmongo-db-37ecbd63-331e-492c-abad-6bbe3b1853b7", journal: { enabled: false }, mmapv1: { preallocDataFiles: false, smallFiles: true }, syncPeriodSecs: 0.0 } }
2022-12-07 22:48:53.263  INFO 17611 --- [      Thread-21] o.s.b.a.mongo.embedded.EmbeddedMongo     : 2022-12-07T22:48:53.263+0100 I CONTROL  [initandlisten] machdep.cpu.extfeatures unavailable
2022-12-07 22:48:53.263  INFO 17611 --- [      Thread-21] o.s.b.a.mongo.embedded.EmbeddedMongo     : 2022-12-07T22:48:53.263+0100 I STORAGE  [initandlisten] wiredtiger_open config: create,cache_size=15872M,session_max=20000,eviction=(threads_min=4,threads_max=4),config_base=false,statistics=(fast),log=(enabled=true,archive=true,path=journal,compressor=snappy),file_manager=(close_idle_time=100000),statistics_log=(wait=0),verbose=(recovery_progress),,log=(enabled=false),
2022-12-07 22:48:53.381  INFO 17611 --- [      Thread-21] o.s.b.a.mongo.embedded.EmbeddedMongo     : 2022-12-07T22:48:53.381+0100 I STORAGE  [initandlisten] WiredTiger message [1670449733:381316][17617:0x203f8c2c0], txn-recover: Set global recovery timestamp: 0
2022-12-07 22:48:53.419  INFO 17611 --- [      Thread-21] o.s.b.a.mongo.embedded.EmbeddedMongo     : 2022-12-07T22:48:53.419+0100 I RECOVERY [initandlisten] WiredTiger recoveryTimestamp. Ts: Timestamp(0, 0)
2022-12-07 22:48:53.564  INFO 17611 --- [      Thread-21] o.s.b.a.mongo.embedded.EmbeddedMongo     : 2022-12-07T22:48:53.564+0100 W STORAGE  [initandlisten] Detected configuration for non-active storage engine mmapv1 when current storage engine is wiredTiger
2022-12-07 22:48:53.564  INFO 17611 --- [      Thread-21] o.s.b.a.mongo.embedded.EmbeddedMongo     : 2022-12-07T22:48:53.564+0100 I STORAGE  [initandlisten] createCollection: admin.system.version with provided UUID: 35037f27-0f75-4a52-8af8-0d9c4cdf5bdc
2022-12-07 22:48:53.706  INFO 17611 --- [      Thread-21] o.s.b.a.mongo.embedded.EmbeddedMongo     : 2022-12-07T22:48:53.706+0100 I COMMAND  [initandlisten] setting featureCompatibilityVersion to 4.0
2022-12-07 22:48:53.710  INFO 17611 --- [      Thread-21] o.s.b.a.mongo.embedded.EmbeddedMongo     : 2022-12-07T22:48:53.710+0100 I STORAGE  [initandlisten] createCollection: local.startup_log with generated UUID: 661eee7c-1cb7-4cf9-a778-fecb3a4bb232
2022-12-07 22:48:54.015  INFO 17611 --- [      Thread-21] o.s.b.a.mongo.embedded.EmbeddedMongo     : 2022-12-07T22:48:54.015+0100 I FTDC     [initandlisten] Initializing full-time diagnostic data capture with directory '/var/folders/rg/110hwcss1b352gq45sx1yj9m0000gr/T/embedmongo-db-37ecbd63-331e-492c-abad-6bbe3b1853b7/diagnostic.data'
2022-12-07 22:48:54.018  INFO 17611 --- [      Thread-21] o.s.b.a.mongo.embedded.EmbeddedMongo     : 2022-12-07T22:48:54.018+0100 I NETWORK  [initandlisten] waiting for connections on port 27017
2022-12-07 22:48:54.018  INFO 17611 --- [      Thread-21] o.s.b.a.mongo.embedded.EmbeddedMongo     : 2022-12-07T22:48:54.018+0100 I STORAGE  [LogicalSessionCacheRefresh] createCollection: config.system.sessions with generated UUID: 54805d14-e212-44de-a003-ed6be8ad5d76
2022-12-07 22:48:54.019  INFO 17611 --- [    Test worker] d.f.embed.mongo.MongodExecutable         : start MongodConfig{version=Version{4.0.2}, timeout=de.flapdoodle.embed.mongo.config.Timeout@5d3f99d7, net=de.flapdoodle.embed.mongo.config.Net@561d88ee, cmdOptions=MongoCmdOptions{syncDelay=0, useDefaultSyncDelay=false, isVerbose=false, useNoPrealloc=true, useSmallFiles=true, useNoJournal=true, enableTextSearch=false, auth=false, master=false}, password=, userName=, replication=de.flapdoodle.embed.mongo.config.Storage@2c34402, isConfigServer=false, isShardServer=false, processListener=de.flapdoodle.embed.mongo.config.processlistener.NoopProcessListener@5f883d90, params={}, args={}, pidFile=mongod.pid, supportConfig=de.flapdoodle.embed.mongo.config.SupportConfig@7e58f697}
2022-12-07 22:48:54.136  INFO 17611 --- [    Test worker] org.mongodb.driver.client                : MongoClient with metadata {"driver": {"name": "mongo-java-driver|reactive-streams|spring-boot", "version": "4.6.1"}, "os": {"type": "Darwin", "name": "Mac OS X", "architecture": "aarch64", "version": "13.0"}, "platform": "Java/Oracle Corporation/17.0.3+8-LTS-111"} created with settings MongoClientSettings{readPreference=primary, writeConcern=WriteConcern{w=null, wTimeout=null ms, journal=null}, retryWrites=true, retryReads=true, readConcern=ReadConcern{level=null}, credential=null, streamFactoryFactory=NettyStreamFactoryFactory{eventLoopGroup=io.netty.channel.nio.NioEventLoopGroup@7da77305, socketChannelClass=class io.netty.channel.socket.nio.NioSocketChannel, allocator=PooledByteBufAllocator(directByDefault: true), sslContext=null}, commandListeners=[], codecRegistry=ProvidersCodecRegistry{codecProviders=[ValueCodecProvider{}, BsonValueCodecProvider{}, DBRefCodecProvider{}, DBObjectCodecProvider{}, DocumentCodecProvider{}, IterableCodecProvider{}, MapCodecProvider{}, GeoJsonCodecProvider{}, GridFSFileCodecProvider{}, Jsr310CodecProvider{}, JsonObjectCodecProvider{}, BsonCodecProvider{}, EnumCodecProvider{}, com.mongodb.Jep395RecordCodecProvider@3cdfbbef]}, clusterSettings={hosts=[localhost:27017], srvServiceName=mongodb, mode=SINGLE, requiredClusterType=UNKNOWN, requiredReplicaSetName='null', serverSelector='null', clusterListeners='[]', serverSelectionTimeout='30000 ms', localThreshold='30000 ms'}, socketSettings=SocketSettings{connectTimeoutMS=10000, readTimeoutMS=0, receiveBufferSize=0, sendBufferSize=0}, heartbeatSocketSettings=SocketSettings{connectTimeoutMS=10000, readTimeoutMS=10000, receiveBufferSize=0, sendBufferSize=0}, connectionPoolSettings=ConnectionPoolSettings{maxSize=100, minSize=0, maxWaitTimeMS=120000, maxConnectionLifeTimeMS=0, maxConnectionIdleTimeMS=0, maintenanceInitialDelayMS=0, maintenanceFrequencyMS=60000, connectionPoolListeners=[], maxConnecting=2}, serverSettings=ServerSettings{heartbeatFrequencyMS=10000, minHeartbeatFrequencyMS=500, serverListeners='[]', serverMonitorListeners='[]'}, sslSettings=SslSettings{enabled=false, invalidHostNameAllowed=false, context=null}, applicationName='null', compressorList=[], uuidRepresentation=JAVA_LEGACY, serverApi=null, autoEncryptionSettings=null, contextProvider=null}
2022-12-07 22:48:54.154  INFO 17611 --- [      Thread-21] o.s.b.a.mongo.embedded.EmbeddedMongo     : 2022-12-07T22:48:54.154+0100 I NETWORK  [listener] connection accepted from 127.0.0.1:61221 #1 (1 connection now open)
2022-12-07 22:48:54.155  INFO 17611 --- [      Thread-21] o.s.b.a.mongo.embedded.EmbeddedMongo     : 2022-12-07T22:48:54.154+0100 I NETWORK  [listener] connection accepted from 127.0.0.1:61222 #2 (2 connections now open)
2022-12-07 22:48:54.172  INFO 17611 --- [      Thread-21] o.s.b.a.mongo.embedded.EmbeddedMongo     : 2022-12-07T22:48:54.172+0100 I NETWORK  [conn1] received client metadata from 127.0.0.1:61221 conn1: { driver: { name: "mongo-java-driver|reactive-streams|spring-boot", version: "4.6.1" }, os: { type: "Darwin", name: "Mac OS X", architecture: "aarch64", version: "13.0" }, platform: "Java/Oracle Corporation/17.0.3+8-LTS-111" }
2022-12-07 22:48:54.172  INFO 17611 --- [      Thread-21] o.s.b.a.mongo.embedded.EmbeddedMongo     : 2022-12-07T22:48:54.172+0100 I NETWORK  [conn2] received client metadata from 127.0.0.1:61222 conn2: { driver: { name: "mongo-java-driver|reactive-streams|spring-boot", version: "4.6.1" }, os: { type: "Darwin", name: "Mac OS X", architecture: "aarch64", version: "13.0" }, platform: "Java/Oracle Corporation/17.0.3+8-LTS-111" }
2022-12-07 22:48:54.183  INFO 17611 --- [localhost:27017] org.mongodb.driver.connection            : Opened connection [connectionId{localValue:2, serverValue:1}] to localhost:27017
2022-12-07 22:48:54.183  INFO 17611 --- [localhost:27017] org.mongodb.driver.connection            : Opened connection [connectionId{localValue:1, serverValue:2}] to localhost:27017
2022-12-07 22:48:54.184  INFO 17611 --- [localhost:27017] org.mongodb.driver.cluster               : Monitor thread successfully connected to server with description ServerDescription{address=localhost:27017, type=STANDALONE, state=CONNECTED, ok=true, minWireVersion=0, maxWireVersion=7, maxDocumentSize=16777216, logicalSessionTimeoutMinutes=30, roundTripTimeNanos=25975542}
2022-12-07 22:48:54.255  INFO 17611 --- [      Thread-21] o.s.b.a.mongo.embedded.EmbeddedMongo     : 2022-12-07T22:48:54.255+0100 I INDEX    [LogicalSessionCacheRefresh] build index on: config.system.sessions properties: { v: 2, key: { lastUse: 1 }, name: "lsidTTLIndex", ns: "config.system.sessions", expireAfterSeconds: 1800 }
2022-12-07 22:48:54.255  INFO 17611 --- [      Thread-21] o.s.b.a.mongo.embedded.EmbeddedMongo     : 2022-12-07T22:48:54.255+0100 I INDEX    [LogicalSessionCacheRefresh] 	 building index using bulk method; build may temporarily use up to 500 megabytes of RAM
2022-12-07 22:48:54.265  INFO 17611 --- [      Thread-21] o.s.b.a.mongo.embedded.EmbeddedMongo     : 2022-12-07T22:48:54.265+0100 I INDEX    [LogicalSessionCacheRefresh] build index done.  scanned 0 total records. 0 secs
2022-12-07 22:48:54.265  INFO 17611 --- [      Thread-21] o.s.b.a.mongo.embedded.EmbeddedMongo     : 2022-12-07T22:48:54.265+0100 I COMMAND  [LogicalSessionCacheRefresh] command config.$cmd command: createIndexes { createIndexes: "system.sessions", indexes: [ { key: { lastUse: 1 }, name: "lsidTTLIndex", expireAfterSeconds: 1800 } ], $db: "config" } numYields:0 reslen:114 locks:{ Global: { acquireCount: { r: 1, w: 1 } }, Database: { acquireCount: { W: 1 } }, Collection: { acquireCount: { w: 1 } } } protocol:op_msg 247ms
2022-12-07 22:48:54.523  INFO 17611 --- [    Test worker] o.e.jetty.server.AbstractConnector       : Started ServerConnector@4eb5764d{HTTP/1.1, (http/1.1)}{0.0.0.0:61223}
2022-12-07 22:48:54.523  INFO 17611 --- [    Test worker] o.s.b.web.embedded.jetty.JettyWebServer  : Jetty started on port(s) 61223 (http/1.1) with context path '/'
2022-12-07 22:48:54.529  INFO 17611 --- [    Test worker] c.p.m.router.ReviewIntegrationSpec       : Started ReviewIntegrationSpec in 4.323 seconds (JVM running for 4.849)
2022-12-07 22:48:54.868  INFO 17611 --- [      Thread-21] o.s.b.a.mongo.embedded.EmbeddedMongo     : 2022-12-07T22:48:54.868+0100 I NETWORK  [listener] connection accepted from 127.0.0.1:61224 #3 (3 connections now open)
2022-12-07 22:48:54.869  INFO 17611 --- [      Thread-21] o.s.b.a.mongo.embedded.EmbeddedMongo     : 2022-12-07T22:48:54.868+0100 I NETWORK  [listener] connection accepted from 127.0.0.1:61225 #4 (4 connections now open)
2022-12-07 22:48:54.870  INFO 17611 --- [      Thread-21] o.s.b.a.mongo.embedded.EmbeddedMongo     : 2022-12-07T22:48:54.870+0100 I NETWORK  [conn4] received client metadata from 127.0.0.1:61225 conn4: { driver: { name: "mongo-java-driver|reactive-streams|spring-boot", version: "4.6.1" }, os: { type: "Darwin", name: "Mac OS X", architecture: "aarch64", version: "13.0" }, platform: "Java/Oracle Corporation/17.0.3+8-LTS-111" }
2022-12-07 22:48:54.870  INFO 17611 --- [      Thread-21] o.s.b.a.mongo.embedded.EmbeddedMongo     : 2022-12-07T22:48:54.870+0100 I NETWORK  [conn3] received client metadata from 127.0.0.1:61224 conn3: { driver: { name: "mongo-java-driver|reactive-streams|spring-boot", version: "4.6.1" }, os: { type: "Darwin", name: "Mac OS X", architecture: "aarch64", version: "13.0" }, platform: "Java/Oracle Corporation/17.0.3+8-LTS-111" }
2022-12-07 22:48:54.873  INFO 17611 --- [ntLoopGroup-2-3] org.mongodb.driver.connection            : Opened connection [connectionId{localValue:3, serverValue:3}] to localhost:27017
2022-12-07 22:48:54.873  INFO 17611 --- [ntLoopGroup-2-4] org.mongodb.driver.connection            : Opened connection [connectionId{localValue:4, serverValue:4}] to localhost:27017
2022-12-07 22:48:54.880  INFO 17611 --- [      Thread-21] o.s.b.a.mongo.embedded.EmbeddedMongo     : 2022-12-07T22:48:54.880+0100 I NETWORK  [listener] connection accepted from 127.0.0.1:61226 #5 (5 connections now open)
2022-12-07 22:48:54.881  INFO 17611 --- [      Thread-21] o.s.b.a.mongo.embedded.EmbeddedMongo     : 2022-12-07T22:48:54.881+0100 I NETWORK  [conn5] received client metadata from 127.0.0.1:61226 conn5: { driver: { name: "mongo-java-driver|reactive-streams|spring-boot", version: "4.6.1" }, os: { type: "Darwin", name: "Mac OS X", architecture: "aarch64", version: "13.0" }, platform: "Java/Oracle Corporation/17.0.3+8-LTS-111" }
2022-12-07 22:48:54.883  INFO 17611 --- [ntLoopGroup-2-5] org.mongodb.driver.connection            : Opened connection [connectionId{localValue:5, serverValue:5}] to localhost:27017
2022-12-07 22:48:54.893  INFO 17611 --- [      Thread-21] o.s.b.a.mongo.embedded.EmbeddedMongo     : 2022-12-07T22:48:54.893+0100 I STORAGE  [conn3] createCollection: test.review with generated UUID: 6626dc2f-ed82-4f3c-94bc-407b5213a482
2022-12-07 22:48:55.315  INFO 17611 --- [      Thread-21] o.s.b.a.mongo.embedded.EmbeddedMongo     : 2022-12-07T22:48:55.314+0100 I WRITE    [conn5] update test.review command: { q: { _id: "3" }, u: { _id: "3", movieInfoId: 3, comment: "Average", rating: 2.5, _class: "com.paxier.moviesreviewservice.domain.Review" }, multi: false, upsert: true } planSummary: IDHACK keysExamined:0 docsExamined:0 nMatched:0 nModified:0 upsert:1 keysInserted:1 numYields:0 locks:{ Global: { acquireCount: { r: 1, w: 1 } }, Database: { acquireCount: { w: 1 }, acquireWaitCount: { w: 1 }, timeAcquiringMicros: { w: 420621 } }, Collection: { acquireCount: { w: 1 } } } 420ms
2022-12-07 22:48:55.316  INFO 17611 --- [      Thread-21] o.s.b.a.mongo.embedded.EmbeddedMongo     : 2022-12-07T22:48:55.314+0100 I WRITE    [conn3] update test.review command: { q: { _id: "1" }, u: { _id: "1", movieInfoId: 1, comment: "Fantastic", rating: 4.5, _class: "com.paxier.moviesreviewservice.domain.Review" }, multi: false, upsert: true } planSummary: IDHACK keysExamined:0 docsExamined:0 nMatched:0 nModified:0 upsert:1 keysInserted:1 numYields:0 locks:{ Global: { acquireCount: { r: 3, w: 3 } }, Database: { acquireCount: { w: 2, W: 1 } }, Collection: { acquireCount: { w: 2 } } } 421ms
2022-12-07 22:48:55.316  INFO 17611 --- [      Thread-21] o.s.b.a.mongo.embedded.EmbeddedMongo     : 2022-12-07T22:48:55.314+0100 I COMMAND  [conn3] command test.$cmd command: update { update: "review", ordered: true, $db: "test", lsid: { id: UUID("04ab8386-d95f-4bfb-a315-f7758192e6ba") } } numYields:0 reslen:105 locks:{ Global: { acquireCount: { r: 3, w: 3 } }, Database: { acquireCount: { w: 2, W: 1 } }, Collection: { acquireCount: { w: 2 } } } protocol:op_msg 421ms
2022-12-07 22:48:55.316  INFO 17611 --- [      Thread-21] o.s.b.a.mongo.embedded.EmbeddedMongo     : 2022-12-07T22:48:55.314+0100 I WRITE    [conn4] update test.review command: { q: { _id: "2" }, u: { _id: "2", movieInfoId: 2, comment: "Disappointing", rating: 1.0, _class: "com.paxier.moviesreviewservice.domain.Review" }, multi: false, upsert: true } planSummary: IDHACK keysExamined:0 docsExamined:0 nMatched:0 nModified:0 upsert:1 keysInserted:1 numYields:0 locks:{ Global: { acquireCount: { r: 1, w: 1 } }, Database: { acquireCount: { w: 1 }, acquireWaitCount: { w: 1 }, timeAcquiringMicros: { w: 419733 } }, Collection: { acquireCount: { w: 1 } } } 420ms
2022-12-07 22:48:55.316  INFO 17611 --- [      Thread-21] o.s.b.a.mongo.embedded.EmbeddedMongo     : 2022-12-07T22:48:55.314+0100 I COMMAND  [conn4] command test.$cmd command: update { update: "review", ordered: true, $db: "test", lsid: { id: UUID("50139a35-04bc-4ae9-88ba-8a714ef0816a") } } numYields:0 reslen:105 locks:{ Global: { acquireCount: { r: 1, w: 1 } }, Database: { acquireCount: { w: 1 }, acquireWaitCount: { w: 1 }, timeAcquiringMicros: { w: 419733 } }, Collection: { acquireCount: { w: 1 } } } protocol:op_msg 421ms
2022-12-07 22:48:55.316  INFO 17611 --- [      Thread-21] o.s.b.a.mongo.embedded.EmbeddedMongo     : 2022-12-07T22:48:55.314+0100 I COMMAND  [conn5] command test.$cmd command: update { update: "review", ordered: true, $db: "test", lsid: { id: UUID("3d742311-df78-4d96-888a-6daf95153eae") } } numYields:0 reslen:105 locks:{ Global: { acquireCount: { r: 1, w: 1 } }, Database: { acquireCount: { w: 1 }, acquireWaitCount: { w: 1 }, timeAcquiringMicros: { w: 420621 } }, Collection: { acquireCount: { w: 1 } } } protocol:op_msg 421ms
]]></system-out>
  <system-err><![CDATA[]]></system-err>
</testsuite>
